<?xml version="1.0" encoding="UTF-8"?>
<!-- Generated by org.testng.reporters.JUnitXMLReporter -->
<testsuite ignored="0" hostname="INPF185C5H" failures="0" tests="6" name="Command line test" time="0.079" errors="0" timestamp="28 Dec 2019 09:11:08 GMT">
  <testcase classname="qaacademy.AppiumTest" name="AppiumElement" time="0.014"/>
  <testcase classname="qaacademy.AppiumTest" name="WorkAutomation" time="0.003"/>
  <testcase classname="qaacademy.RESTAPITest" name="ApiAutomation" time="0.001"/>
  <testcase classname="qaacademy.RESTAPITest" name="NormalElement" time="0.002"/>
  <testcase classname="qaacademy.SeleniumTest" name="Automation" time="0.002"/>
  <testcase classname="qaacademy.SeleniumTest" name="FirstTry" time="0.0"/>
</testsuite> <!-- Command line test -->
