<?xml version="1.0" encoding="UTF-8"?>
<!-- Generated by org.testng.reporters.JUnitXMLReporter -->
<testsuite hostname="INPF185C5H" ignored="0" name="Test" tests="6" failures="0" timestamp="10 Dec 2019 06:53:13 GMT" time="0.07" errors="0">
  <testcase name="Automation" time="0.013" classname="qaacademy.SeleniumTest"/>
  <testcase name="FirstTry" time="0.001" classname="qaacademy.SeleniumTest"/>
  <testcase name="AppiumElement" time="0.001" classname="qaacademy.AppiumTest"/>
  <testcase name="WorkAutomation" time="0.0" classname="qaacademy.AppiumTest"/>
  <testcase name="ApiAutomation" time="0.003" classname="qaacademy.RESTAPITest"/>
  <testcase name="NormalElement" time="0.0" classname="qaacademy.RESTAPITest"/>
</testsuite> <!-- Test -->
