<?xml version="1.0" encoding="UTF-8" ?>
<testsuite tests="6" failures="0" name="TestSuite" time="0.023" errors="0" skipped="0">
  <properties>
[...]
</properties>
  <testcase classname="qaacademy.AppiumTest" name="AppiumElement" time="0.016"/>
  <testcase classname="qaacademy.AppiumTest" name="WorkAutomation" time="0"/>
  <testcase classname="qaacademy.RESTAPITest" name="ApiAutomation" time="0.005"/>
  <testcase classname="qaacademy.RESTAPITest" name="NormalElement" time="0.001"/>
  <testcase classname="qaacademy.SeleniumTest" name="Automation" time="0.001"/>
  <testcase classname="qaacademy.SeleniumTest" name="FirstTry" time="0"/>
</testsuite>