<?xml version="1.0" encoding="UTF-8"?>
<testng-results ignored="0" total="6" passed="6" failed="0" skipped="0">
  <reporter-output>
  </reporter-output>
  <suite started-at="2019-12-28T09:11:08Z" name="Command line suite" finished-at="2019-12-28T09:11:08Z" duration-ms="79">
    <groups>
    </groups>
    <test started-at="2019-12-28T09:11:08Z" name="Command line test" finished-at="2019-12-28T09:11:08Z" duration-ms="79">
      <class name="qaacademy.RESTAPITest">
        <test-method signature="ApiAutomation()[pri:0, instance:qaacademy.RESTAPITest@37d31475]" started-at="2019-12-28T14:41:08Z" name="ApiAutomation" finished-at="2019-12-28T14:41:08Z" duration-ms="1" status="PASS">
          <reporter-output>
          </reporter-output>
        </test-method> <!-- ApiAutomation -->
        <test-method signature="NormalElement()[pri:0, instance:qaacademy.RESTAPITest@37d31475]" started-at="2019-12-28T14:41:08Z" name="NormalElement" finished-at="2019-12-28T14:41:08Z" duration-ms="2" status="PASS">
          <reporter-output>
          </reporter-output>
        </test-method> <!-- NormalElement -->
      </class> <!-- qaacademy.RESTAPITest -->
      <class name="qaacademy.AppiumTest">
        <test-method signature="AppiumElement()[pri:0, instance:qaacademy.AppiumTest@3d921e20]" started-at="2019-12-28T14:41:08Z" name="AppiumElement" finished-at="2019-12-28T14:41:08Z" duration-ms="14" status="PASS">
          <reporter-output>
          </reporter-output>
        </test-method> <!-- AppiumElement -->
        <test-method signature="WorkAutomation()[pri:0, instance:qaacademy.AppiumTest@3d921e20]" started-at="2019-12-28T14:41:08Z" name="WorkAutomation" finished-at="2019-12-28T14:41:08Z" duration-ms="3" status="PASS">
          <reporter-output>
          </reporter-output>
        </test-method> <!-- WorkAutomation -->
      </class> <!-- qaacademy.AppiumTest -->
      <class name="qaacademy.SeleniumTest">
        <test-method signature="Automation()[pri:0, instance:qaacademy.SeleniumTest@27808f31]" started-at="2019-12-28T14:41:08Z" name="Automation" finished-at="2019-12-28T14:41:08Z" duration-ms="2" status="PASS">
          <reporter-output>
          </reporter-output>
        </test-method> <!-- Automation -->
        <test-method signature="FirstTry()[pri:0, instance:qaacademy.SeleniumTest@27808f31]" started-at="2019-12-28T14:41:08Z" name="FirstTry" finished-at="2019-12-28T14:41:08Z" duration-ms="0" status="PASS">
          <reporter-output>
          </reporter-output>
        </test-method> <!-- FirstTry -->
      </class> <!-- qaacademy.SeleniumTest -->
    </test> <!-- Command line test -->
  </suite> <!-- Command line suite -->
</testng-results>
